2025-03-24 08:51:02,500 - root - WARNING - Не указаны параметры подключения к Supabase
2025-03-24 08:51:02,500 - root - INFO - VK API клиенты будут инициализированы динамически при получении сообщений
2025-03-24 08:51:09,795 - root - WARNING - Не указаны параметры подключения к Supabase
2025-03-24 08:51:09,796 - root - INFO - VK API клиенты будут инициализированы динамически при получении сообщений
2025-03-24 08:52:26,262 - root - WARNING - Не указаны параметры подключения к Supabase
2025-03-24 08:52:26,262 - root - INFO - VK API клиенты будут инициализированы динамически при получении сообщений
2025-03-24 08:52:26,263 - root - ERROR - Критическая ошибка: `token` or `bot` must be passed
2025-03-24 08:52:33,534 - root - WARNING - Не указаны параметры подключения к Supabase
2025-03-24 08:52:33,534 - root - INFO - VK API клиенты будут инициализированы динамически при получении сообщений
2025-03-24 08:56:25,522 - root - INFO - Supabase успешно инициализирован
2025-03-24 08:56:26,243 - root - WARNING - Функция increment не найдена: {'code': 'PGRST202', 'details': 'Searched for the function public.increment with parameter x or with a single unnamed json/jsonb parameter, but no matches were found in the schema cache.', 'hint': None, 'message': 'Could not find the function public.increment(x) in the schema cache'}
2025-03-24 08:56:26,243 - root - INFO - Функция increment не найдена, но это не критично для работы приложения
2025-03-24 08:56:26,740 - root - INFO - Таблица telegram_channels существует
2025-03-24 08:56:26,941 - root - INFO - Таблица vk_targets существует
2025-03-24 08:56:27,469 - root - INFO - Таблица crosspost_settings существует
2025-03-24 08:56:27,989 - root - INFO - Таблица post_info существует
2025-03-24 08:56:28,497 - root - INFO - Таблица logs существует
2025-03-24 08:56:28,497 - root - INFO - VK API клиенты будут инициализированы динамически при получении сообщений
2025-03-24 08:56:28,498 - root - ERROR - Критическая ошибка: type object 'Filters' has no attribute 'media_group'
2025-03-24 08:57:18,958 - root - INFO - Supabase успешно инициализирован
2025-03-24 08:57:19,519 - root - WARNING - Функция increment не найдена: {'code': 'PGRST202', 'details': 'Searched for the function public.increment with parameter x or with a single unnamed json/jsonb parameter, but no matches were found in the schema cache.', 'hint': None, 'message': 'Could not find the function public.increment(x) in the schema cache'}
2025-03-24 08:57:19,519 - root - INFO - Функция increment не найдена, но это не критично для работы приложения
2025-03-24 08:57:20,035 - root - INFO - Таблица telegram_channels существует
2025-03-24 08:57:20,559 - root - INFO - Таблица vk_targets существует
2025-03-24 08:57:21,091 - root - INFO - Таблица crosspost_settings существует
2025-03-24 08:57:21,694 - root - INFO - Таблица post_info существует
2025-03-24 08:57:22,188 - root - INFO - Таблица logs существует
2025-03-24 08:57:22,189 - root - INFO - VK API клиенты будут инициализированы динамически при получении сообщений
2025-03-24 08:57:22,190 - root - INFO - Бот Tg2Vk запущен и ожидает сообщения в каналах
2025-03-24 08:57:22,190 - apscheduler.scheduler - INFO - Scheduler started
2025-03-24 09:02:49,961 - root - ERROR - Отсутствует соединение с Supabase
2025-03-24 09:02:49,963 - root - ERROR - Отсутствует соединение с Supabase
2025-03-24 09:03:11,010 - root - ERROR - Отсутствует соединение с Supabase
2025-03-24 09:03:11,204 - root - ERROR - Отсутствует соединение с Supabase
2025-03-24 09:03:21,616 - root - ERROR - Отсутствует соединение с Supabase
2025-03-24 09:03:21,633 - root - ERROR - Отсутствует соединение с Supabase
2025-03-24 09:03:32,572 - root - ERROR - Отсутствует соединение с Supabase
2025-03-24 09:03:32,596 - root - ERROR - Отсутствует соединение с Supabase
2025-03-24 09:06:03,055 - root - ERROR - Отсутствует соединение с Supabase
2025-03-24 09:06:13,541 - root - ERROR - Отсутствует соединение с Supabase
2025-03-24 09:06:16,245 - root - ERROR - Отсутствует соединение с Supabase
2025-03-24 09:06:24,532 - root - ERROR - Отсутствует соединение с Supabase
2025-03-24 09:06:26,564 - root - ERROR - Отсутствует соединение с Supabase
2025-03-24 09:06:35,567 - root - ERROR - Отсутствует соединение с Supabase
2025-03-24 09:06:37,536 - root - ERROR - Отсутствует соединение с Supabase
2025-03-24 09:06:46,544 - root - ERROR - Отсутствует соединение с Supabase
2025-03-24 09:06:48,532 - root - ERROR - Отсутствует соединение с Supabase
2025-03-24 09:06:57,576 - root - ERROR - Отсутствует соединение с Supabase
2025-03-24 09:06:59,551 - root - ERROR - Отсутствует соединение с Supabase
2025-03-24 09:07:08,532 - root - ERROR - Отсутствует соединение с Supabase
2025-03-24 09:07:10,526 - root - ERROR - Отсутствует соединение с Supabase
2025-03-24 09:07:19,542 - root - ERROR - Отсутствует соединение с Supabase
2025-03-24 09:07:21,551 - root - ERROR - Отсутствует соединение с Supabase
2025-03-24 09:07:30,865 - root - ERROR - Отсутствует соединение с Supabase
2025-03-24 09:07:32,564 - root - ERROR - Отсутствует соединение с Supabase
2025-03-24 09:07:41,542 - root - ERROR - Отсутствует соединение с Supabase
2025-03-24 09:07:43,549 - root - ERROR - Отсутствует соединение с Supabase
2025-03-24 09:07:52,628 - root - ERROR - Отсутствует соединение с Supabase
2025-03-24 09:07:54,811 - root - ERROR - Отсутствует соединение с Supabase
2025-03-24 09:08:04,550 - root - ERROR - Отсутствует соединение с Supabase
2025-03-24 09:08:05,562 - root - ERROR - Отсутствует соединение с Supabase
2025-03-24 09:08:15,568 - root - ERROR - Отсутствует соединение с Supabase
2025-03-24 09:08:16,528 - root - ERROR - Отсутствует соединение с Supabase
2025-03-24 09:08:26,583 - root - ERROR - Отсутствует соединение с Supabase
2025-03-24 09:08:27,551 - root - ERROR - Отсутствует соединение с Supabase
2025-03-24 09:08:37,567 - root - ERROR - Отсутствует соединение с Supabase
2025-03-24 09:08:38,545 - root - ERROR - Отсутствует соединение с Supabase
2025-03-24 09:08:48,570 - root - ERROR - Отсутствует соединение с Supabase
2025-03-24 09:08:49,535 - root - ERROR - Отсутствует соединение с Supabase
2025-03-24 09:08:59,641 - root - ERROR - Отсутствует соединение с Supabase
2025-03-24 09:09:00,534 - root - ERROR - Отсутствует соединение с Supabase
2025-03-24 09:09:10,985 - root - ERROR - Отсутствует соединение с Supabase
2025-03-24 09:09:11,808 - root - ERROR - Отсутствует соединение с Supabase
2025-03-24 09:09:23,841 - root - ERROR - Отсутствует соединение с Supabase
2025-03-24 09:09:24,718 - root - ERROR - Отсутствует соединение с Supabase
2025-03-24 09:09:34,555 - root - ERROR - Отсутствует соединение с Supabase
2025-03-24 09:09:35,548 - root - ERROR - Отсутствует соединение с Supabase
2025-03-24 09:09:48,251 - root - ERROR - Отсутствует соединение с Supabase
2025-03-24 09:09:50,682 - root - ERROR - Отсутствует соединение с Supabase
2025-03-24 09:09:59,565 - root - ERROR - Отсутствует соединение с Supabase
2025-03-24 09:10:03,093 - root - ERROR - Отсутствует соединение с Supabase
2025-03-24 09:10:12,243 - root - ERROR - Отсутствует соединение с Supabase
2025-03-24 09:10:15,132 - root - ERROR - Отсутствует соединение с Supabase
2025-03-24 09:10:22,959 - root - ERROR - Отсутствует соединение с Supabase
2025-03-24 09:10:27,466 - root - ERROR - Отсутствует соединение с Supabase
2025-03-24 09:10:35,127 - root - ERROR - Отсутствует соединение с Supabase
2025-03-24 09:10:37,953 - root - ERROR - Отсутствует соединение с Supabase
2025-03-24 09:10:45,784 - root - ERROR - Отсутствует соединение с Supabase
2025-03-24 09:10:48,267 - root - ERROR - Отсутствует соединение с Supabase
2025-03-24 09:10:56,422 - root - ERROR - Отсутствует соединение с Supabase
2025-03-24 09:10:58,588 - root - ERROR - Отсутствует соединение с Supabase
2025-03-24 09:11:08,612 - root - ERROR - Отсутствует соединение с Supabase
2025-03-24 09:11:08,975 - root - ERROR - Отсутствует соединение с Supabase
2025-03-24 09:11:21,450 - root - ERROR - Отсутствует соединение с Supabase
2025-03-24 09:11:22,953 - root - ERROR - Отсутствует соединение с Supabase
2025-03-24 09:11:32,764 - root - ERROR - Отсутствует соединение с Supabase
2025-03-24 09:11:34,863 - root - ERROR - Отсутствует соединение с Supabase
2025-03-24 09:11:44,192 - root - ERROR - Отсутствует соединение с Supabase
2025-03-24 09:11:46,802 - root - ERROR - Отсутствует соединение с Supabase
2025-03-24 09:11:54,890 - root - ERROR - Отсутствует соединение с Supabase
2025-03-24 09:11:59,498 - root - ERROR - Отсутствует соединение с Supabase
2025-03-24 09:12:06,998 - root - ERROR - Отсутствует соединение с Supabase
2025-03-24 09:12:10,926 - root - ERROR - Отсутствует соединение с Supabase
2025-03-24 09:12:18,113 - root - ERROR - Отсутствует соединение с Supabase
2025-03-24 09:12:21,226 - root - ERROR - Отсутствует соединение с Supabase
2025-03-24 09:12:28,776 - root - ERROR - Отсутствует соединение с Supabase
2025-03-24 09:12:31,815 - root - ERROR - Отсутствует соединение с Supabase
2025-03-24 09:12:39,486 - root - ERROR - Отсутствует соединение с Supabase
2025-03-24 09:12:42,719 - root - ERROR - Отсутствует соединение с Supabase
2025-03-24 09:19:22,812 - root - INFO - Supabase успешно инициализирован
2025-03-24 09:19:23,046 - root - WARNING - Функция increment не найдена: {'code': 'PGRST202', 'details': 'Searched for the function public.increment with parameter x or with a single unnamed json/jsonb parameter, but no matches were found in the schema cache.', 'hint': None, 'message': 'Could not find the function public.increment(x) in the schema cache'}
2025-03-24 09:19:23,047 - root - INFO - Функция increment не найдена, но это не критично для работы приложения
2025-03-24 09:19:23,546 - root - INFO - Таблица telegram_channels существует
2025-03-24 09:19:23,732 - root - INFO - Таблица vk_targets существует
2025-03-24 09:19:24,230 - root - INFO - Таблица crosspost_settings существует
2025-03-24 09:19:24,715 - root - INFO - Таблица post_info существует
2025-03-24 09:19:24,896 - root - INFO - Таблица logs существует
2025-03-24 09:19:24,897 - root - INFO - VK API клиенты будут инициализированы динамически при получении сообщений
2025-03-24 09:19:24,898 - root - INFO - Бот Tg2Vk запущен и ожидает сообщения в каналах
2025-03-24 09:19:24,898 - apscheduler.scheduler - INFO - Scheduler started
2025-03-24 09:21:36,343 - root - INFO - Supabase успешно инициализирован
2025-03-24 09:21:36,906 - root - WARNING - Функция increment не найдена: {'code': 'PGRST202', 'details': 'Searched for the function public.increment with parameter x or with a single unnamed json/jsonb parameter, but no matches were found in the schema cache.', 'hint': None, 'message': 'Could not find the function public.increment(x) in the schema cache'}
2025-03-24 09:21:36,906 - root - INFO - Функция increment не найдена, но это не критично для работы приложения
2025-03-24 09:21:37,405 - root - INFO - Таблица telegram_channels существует
2025-03-24 09:21:37,588 - root - INFO - Таблица vk_targets существует
2025-03-24 09:21:38,092 - root - INFO - Таблица crosspost_settings существует
2025-03-24 09:21:38,592 - root - INFO - Таблица post_info существует
2025-03-24 09:21:39,095 - root - INFO - Таблица logs существует
2025-03-24 09:21:39,095 - root - INFO - VK API клиенты будут инициализированы динамически при получении сообщений
2025-03-24 09:21:39,096 - root - INFO - Бот Tg2Vk запущен и ожидает сообщения в каналах
2025-03-24 09:21:39,096 - apscheduler.scheduler - INFO - Scheduler started
2025-03-24 09:26:21,049 - root - INFO - Supabase успешно инициализирован
2025-03-24 09:26:21,301 - root - WARNING - Функция increment не найдена: {'code': 'PGRST202', 'details': 'Searched for the function public.increment with parameter x or with a single unnamed json/jsonb parameter, but no matches were found in the schema cache.', 'hint': None, 'message': 'Could not find the function public.increment(x) in the schema cache'}
2025-03-24 09:26:21,301 - root - INFO - Функция increment не найдена, но это не критично для работы приложения
2025-03-24 09:26:21,505 - root - INFO - Таблица telegram_channels существует
2025-03-24 09:26:21,713 - root - INFO - Таблица vk_targets существует
2025-03-24 09:26:21,917 - root - INFO - Таблица crosspost_settings существует
2025-03-24 09:26:22,114 - root - INFO - Таблица post_info существует
2025-03-24 09:26:22,315 - root - INFO - Таблица logs существует
2025-03-24 09:26:22,316 - root - INFO - VK API клиенты будут инициализированы динамически при получении сообщений
2025-03-24 09:26:22,316 - root - INFO - Бот Tg2Vk запущен и ожидает сообщения в каналах
2025-03-24 09:26:22,317 - apscheduler.scheduler - INFO - Scheduler started
2025-03-24 09:30:36,746 - root - INFO - Supabase успешно инициализирован
2025-03-24 09:30:36,981 - root - WARNING - Функция increment не найдена: {'code': 'PGRST202', 'details': 'Searched for the function public.increment with parameter x or with a single unnamed json/jsonb parameter, but no matches were found in the schema cache.', 'hint': None, 'message': 'Could not find the function public.increment(x) in the schema cache'}
2025-03-24 09:30:36,981 - root - INFO - Функция increment не найдена, но это не критично для работы приложения
2025-03-24 09:30:37,166 - root - INFO - Таблица telegram_channels существует
2025-03-24 09:30:37,357 - root - INFO - Таблица vk_targets существует
2025-03-24 09:30:37,546 - root - INFO - Таблица crosspost_settings существует
2025-03-24 09:30:37,767 - root - INFO - Таблица post_info существует
2025-03-24 09:30:37,976 - root - INFO - Таблица logs существует
2025-03-24 09:30:37,976 - root - INFO - VK API клиенты будут инициализированы динамически при получении сообщений
2025-03-24 09:30:37,977 - root - INFO - Бот Tg2Vk запущен и ожидает сообщения в каналах
2025-03-24 09:30:37,977 - apscheduler.scheduler - INFO - Scheduler started
2025-03-24 09:32:13,083 - root - INFO - Supabase успешно инициализирован
2025-03-24 09:32:13,329 - root - WARNING - Функция increment не найдена: {'code': 'PGRST202', 'details': 'Searched for the function public.increment with parameter x or with a single unnamed json/jsonb parameter, but no matches were found in the schema cache.', 'hint': None, 'message': 'Could not find the function public.increment(x) in the schema cache'}
2025-03-24 09:32:13,329 - root - INFO - Функция increment не найдена, но это не критично для работы приложения
2025-03-24 09:32:13,520 - root - INFO - Таблица telegram_channels существует
2025-03-24 09:32:13,698 - root - INFO - Таблица vk_targets существует
2025-03-24 09:32:13,878 - root - INFO - Таблица crosspost_settings существует
2025-03-24 09:32:14,087 - root - INFO - Таблица post_info существует
2025-03-24 09:32:14,270 - root - INFO - Таблица logs существует
2025-03-24 09:32:14,270 - root - INFO - VK API клиенты будут инициализированы динамически при получении сообщений
2025-03-24 09:32:14,271 - root - INFO - Бот Tg2Vk запущен и ожидает сообщения в каналах
2025-03-24 09:32:14,271 - apscheduler.scheduler - INFO - Scheduler started
2025-03-24 09:36:06,252 - root - INFO - Supabase успешно инициализирован
2025-03-24 09:36:06,492 - root - WARNING - Функция increment не найдена: {'code': 'PGRST202', 'details': 'Searched for the function public.increment with parameter x or with a single unnamed json/jsonb parameter, but no matches were found in the schema cache.', 'hint': None, 'message': 'Could not find the function public.increment(x) in the schema cache'}
2025-03-24 09:36:06,492 - root - INFO - Функция increment не найдена, но это не критично для работы приложения
2025-03-24 09:36:06,693 - root - INFO - Таблица telegram_channels существует
2025-03-24 09:36:06,892 - root - INFO - Таблица vk_targets существует
2025-03-24 09:36:07,089 - root - INFO - Таблица crosspost_settings существует
2025-03-24 09:36:07,277 - root - INFO - Таблица post_info существует
2025-03-24 09:36:07,824 - root - INFO - Таблица logs существует
2025-03-24 09:36:07,824 - root - INFO - VK API клиенты будут инициализированы динамически при получении сообщений
2025-03-24 09:36:07,826 - root - INFO - Бот Tg2Vk запущен и ожидает сообщения в каналах
2025-03-24 09:36:07,826 - apscheduler.scheduler - INFO - Scheduler started
2025-03-24 09:39:46,565 - root - INFO - Supabase успешно инициализирован
2025-03-24 09:39:46,566 - root - INFO - Инициализация Supabase успешно завершена
2025-03-24 09:39:46,819 - root - INFO - Таблица telegram_channels существует
2025-03-24 09:39:46,998 - root - INFO - Таблица vk_targets существует
2025-03-24 09:39:47,180 - root - INFO - Таблица crosspost_settings существует
2025-03-24 09:39:47,376 - root - INFO - Таблица post_info существует
2025-03-24 09:39:47,572 - root - INFO - Таблица logs существует
2025-03-24 09:39:47,572 - root - INFO - VK API клиенты будут инициализированы динамически при получении сообщений
2025-03-24 09:39:47,573 - root - INFO - Бот Tg2Vk запущен и ожидает сообщения в каналах
2025-03-24 09:39:47,573 - apscheduler.scheduler - INFO - Scheduler started
2025-03-24 09:42:29,533 - root - INFO - Supabase успешно инициализирован
2025-03-24 09:42:29,533 - root - INFO - Инициализация Supabase успешно завершена
2025-03-24 09:42:30,191 - root - INFO - Таблица telegram_channels существует
2025-03-24 09:42:30,710 - root - INFO - Таблица vk_targets существует
2025-03-24 09:42:31,291 - root - INFO - Таблица crosspost_settings существует
2025-03-24 09:42:31,503 - root - INFO - Таблица post_info существует
2025-03-24 09:42:31,701 - root - INFO - Таблица logs существует
2025-03-24 09:42:31,702 - root - INFO - VK API клиенты будут инициализированы динамически при получении сообщений
2025-03-24 09:42:31,705 - root - INFO - Бот Tg2Vk запущен и ожидает сообщения в каналах
2025-03-24 09:42:31,705 - apscheduler.scheduler - INFO - Scheduler started
